INFO:  latexindent version 3.15, 2022-01-21, a script to indent .tex files
       latexindent lives here: /usr/share/texlive/texmf-dist/scripts/latexindent/
       Thu Aug 22 16:44:00 2024
       Filename: /home/rafay/Syncthing_Folder/Sync/Study_Buffer/Nm2b_MPI_LaTeX/Nm2b_TermPaper/figures/__latexindent_temp_figures_tikz.tex
INFO:  Processing switches:
       -y|--yaml: YAML settings specified via command line
       -c|--cruft: cruft directory
INFO:  Directory for backup files and /home/rafay/Syncthing_Folder/Sync/Study_Buffer/Nm2b_MPI_LaTeX/Nm2b_TermPaper//indent.log: /home/rafay/Syncthing_Folder/Sync/Study_Buffer/Nm2b_MPI_LaTeX/Nm2b_TermPaper/
INFO:  YAML settings read: defaultSettings.yaml
       Reading defaultSettings.yaml from /usr/share/texlive/texmf-dist/scripts/latexindent/defaultSettings.yaml
INFO:  YAML settings read: indentconfig.yaml or .indentconfig.yaml
       Home directory is /home/rafay (didn't find either indentconfig.yaml or .indentconfig.yaml)
       To specify user settings you would put indentconfig.yaml here: /home/rafay/indentconfig.yaml
       Alternatively, you can use the hidden file .indentconfig.yaml as: /home/rafay/.indentconfig.yaml
INFO:  YAML settings read: -y switch
       YAML setting: defaultIndent:'    '
       single-quoted string found in -y switch: '    ', substitute to     
       Updating mainSettings with defaultIndent:     
INFO:  Phase 1: searching for objects
INFO:  Phase 2: finding surrounding indentation
INFO:  Phase 3: indenting objects
INFO:  Phase 4: final indentation check
INFO:  Output routine:
       Not outputting to file; see -w and -o switches for more options.
       --------------
INFO:  Please direct all communication/issues to:
        https://github.com/cmhughes/latexindent.pl
